[2025-10-01 14:47:06] [INFO] Creando archivos índice...
[2025-10-01 14:47:06] [INFO] Archivos índice creados
[2025-10-01 14:47:06] [INFO] Iniciando organización de archivos...
[2025-10-01 14:47:06] [INFO] Encontrados 16 archivos para organizar
[2025-10-01 14:47:06] [INFO] Organizado: Ultimate_Neural_Consciousness_Gamification_Package.md → 01_Marketing (pattern_match)
[2025-10-01 14:47:06] [INFO] Organizado: VIP_Program_HR_Documentation.md → 01_Marketing (pattern_match)
[2025-10-01 14:47:06] [INFO] Organizado: NEURAL_MARKETING_FAQ_ULTIMATE.md → 01_Marketing (pattern_match)
[2025-10-01 14:47:06] [INFO] Organizado: NEURAL_MARKETING_CASE_STUDIES_ULTIMATE.md → 01_Marketing (pattern_match)
[2025-10-01 14:47:06] [INFO] Organizado: ORGANIZACION_VERIFICATION_REPORT.md → 06_Strategy (pattern_match)
[2025-10-01 14:47:06] [INFO] Organizado: ORGANIZACION_FINAL_MEJORADA.md → 06_Documentation (fallback)
[2025-10-01 14:47:06] [INFO] Organizado: Neural_Consciousness_Project_Management_Guide.md → 01_Marketing (pattern_match)
[2025-10-01 14:47:06] [INFO] Organizado: ADVANCED_ORGANIZATION_REPORT.md → 06_Strategy (pattern_match)
[2025-10-01 14:47:06] [INFO] Organizado: VIP_Program_Sales_Documentation.md → 01_Marketing (pattern_match)
[2025-10-01 14:47:06] [INFO] Organizado: setup_project.py → 05_Technology (file_type)
[2025-10-01 14:47:06] [INFO] Organizado: maintain_project.py → 08_AI_Artificial_Intelligence (pattern_match)
[2025-10-01 14:47:06] [INFO] Organizado: advanced_organize.py → 05_Technology (file_type)
[2025-10-01 14:47:06] [INFO] Organizado: organize_project.py → 05_Technology (file_type)
[2025-10-01 14:47:06] [INFO] Organizado: realTimeNotificationService.ts → 05_Technology (file_type)
[2025-10-01 14:47:06] [INFO] Organizado: machineLearningService.ts → 08_AI_Artificial_Intelligence (pattern_match)
[2025-10-01 14:47:06] [INFO] Organizado: advancedFeedbackProcessor.ts → 06_Strategy (pattern_match)
[2025-10-01 14:47:06] [INFO] Organización completada: 16 archivos organizados
[2025-10-01 14:47:17] [INFO] Verificando organización...
[2025-10-01 14:47:17] [INFO] Verificación completada: 99/100 puntos
[2025-10-01 15:13:56] [INFO] Verificando organización...
[2025-10-01 15:13:57] [INFO] Verificación completada: 98/100 puntos
