[2025-10-01 15:27:53] [INFO] Iniciando organización ultra avanzada...
[2025-10-01 15:27:53] [INFO] Encontrados 13 archivos para organizar
[2025-10-01 15:27:53] [INFO] Organizado: setup_project.py → 05_Technology (file_type_fallback) - Confianza: 0.50
[2025-10-01 15:27:53] [INFO] Organizado: ultra_organizer.py → 05_Technology (file_type_fallback) - Confianza: 0.50
[2025-10-01 15:27:53] [INFO] Organizado: maintain_project.py → 08_AI_Artificial_Intelligence (pattern_analysis) - Confianza: 0.77
[2025-10-01 15:27:53] [INFO] Organizado: organize_project.py → 05_Technology (file_type_fallback) - Confianza: 0.50
[2025-10-01 15:27:53] [INFO] Organizado: DEPLOYMENT_GUIDE.md → 06_Documentation (file_type_fallback) - Confianza: 0.50
[2025-10-01 15:27:53] [INFO] Organizado: app.ts → 05_Technology (file_type_fallback) - Confianza: 0.50
[2025-10-01 15:27:53] [INFO] Organizado: auth.ts → 05_Technology (file_type_fallback) - Confianza: 0.50
[2025-10-01 15:27:53] [INFO] Organizado: customerFeedback.ts → 01_Marketing (pattern_analysis) - Confianza: 0.72
[2025-10-01 15:27:53] [INFO] Organizado: advancedFeatures.ts → 05_Technology (file_type_fallback) - Confianza: 0.50
[2025-10-01 15:27:53] [INFO] Organizado: realTimeNotificationService.ts → 05_Technology (file_type_fallback) - Confianza: 0.50
[2025-10-01 15:27:53] [INFO] Organizado: customerFeedbackService.ts → 05_Technology (file_type_fallback) - Confianza: 0.50
[2025-10-01 15:27:53] [INFO] Organizado: machineLearningService.ts → 08_AI_Artificial_Intelligence (pattern_analysis) - Confianza: 0.77
[2025-10-01 15:27:53] [INFO] Organizado: advancedFeedbackProcessor.ts → 06_Strategy (pattern_analysis) - Confianza: 0.78
[2025-10-01 15:27:53] [INFO] Organización ultra completada: 13 archivos organizados
[2025-10-01 15:27:53] [INFO] Verificando organización ultra...
[2025-10-01 15:27:54] [INFO] Verificación ultra completada: 99/100 puntos
[2025-10-01 15:54:56] [INFO] Verificando organización ultra...
[2025-10-01 15:54:57] [INFO] Verificación ultra completada: 99/100 puntos
