2025-10-08 15:37:54,575 - __main__ - INFO - Modelo NLP cargado exitosamente
2025-10-08 15:37:54,575 - __main__ - WARNING - transformers no disponible, usando an치lisis b치sico
2025-10-08 15:37:54,575 - __main__ - INFO - Motor de templates configurado exitosamente
2025-10-08 15:37:56,044 - __main__ - INFO - Documento generado: term_sheet
2025-10-08 15:37:56,044 - __main__ - INFO - Documento generado: investment_agreement
2025-10-08 15:37:56,044 - __main__ - INFO - Documento generado: shareholders_agreement
2025-10-08 15:37:56,044 - __main__ - INFO - Documento generado: articles_incorporation
2025-10-08 15:37:56,044 - __main__ - INFO - Documento generado: due_diligence
2025-10-08 15:37:56,044 - __main__ - INFO - Documento generado: legal_opinion
2025-10-08 15:37:56,046 - __main__ - INFO - Paquete ultra avanzado guardado en: ultra_output
2025-10-09 12:12:53,475 - __main__ - INFO - Modelo NLP cargado exitosamente
2025-10-09 12:12:53,475 - __main__ - WARNING - transformers no disponible, usando an치lisis b치sico
2025-10-09 12:12:53,476 - __main__ - INFO - Motor de templates configurado exitosamente
2025-10-09 12:13:04,574 - __main__ - INFO - Documento generado: term_sheet
2025-10-09 12:13:04,574 - __main__ - INFO - Documento generado: investment_agreement
2025-10-09 12:13:04,574 - __main__ - INFO - Documento generado: shareholders_agreement
2025-10-09 12:13:04,574 - __main__ - INFO - Documento generado: articles_incorporation
2025-10-09 12:13:04,574 - __main__ - INFO - Documento generado: due_diligence
2025-10-09 12:13:04,574 - __main__ - INFO - Documento generado: legal_opinion
2025-10-09 12:13:04,582 - __main__ - INFO - Paquete ultra avanzado guardado en: ultra_output
