2025-10-09 13:33:18,662 - INFO - 🚀 Inicializando Sistema Maestro Quantum Ultra Avanzado v4.0
2025-10-09 13:33:20,804 - INFO - Modelo NLP cargado exitosamente
2025-10-09 13:33:20,804 - WARNING - transformers no disponible, usando análisis básico
2025-10-09 13:33:20,805 - INFO - Motor de templates configurado exitosamente
2025-10-09 13:33:20,805 - INFO - ✅ Generador legal ultra avanzado cargado
2025-10-09 13:33:20,818 - INFO - ✅ Generador PDF cuántico cargado
2025-10-09 13:33:20,818 - INFO - 🎯 Sistema maestro configurado exitosamente
2025-10-09 13:33:20,818 - INFO - 📋 Iniciando generación de paquete legal completo...
2025-10-09 13:33:20,818 - INFO - 🔬 Paso 1: Generando documentos legales con IA cuántica...
2025-10-09 13:34:11,614 - INFO - 🚀 Inicializando Sistema Maestro Quantum Ultra Avanzado v4.0
2025-10-09 13:34:13,638 - INFO - Modelo NLP cargado exitosamente
2025-10-09 13:34:13,638 - WARNING - transformers no disponible, usando análisis básico
2025-10-09 13:34:13,639 - INFO - Motor de templates configurado exitosamente
2025-10-09 13:34:13,639 - INFO - ✅ Generador legal ultra avanzado cargado
2025-10-09 13:34:13,659 - INFO - ✅ Generador PDF cuántico cargado
2025-10-09 13:34:13,659 - INFO - 🎯 Sistema maestro configurado exitosamente
2025-10-09 13:34:13,659 - INFO - 📋 Iniciando generación de paquete legal completo...
2025-10-09 13:34:13,659 - INFO - 🔬 Paso 1: Generando documentos legales con IA cuántica...
2025-10-09 13:34:40,147 - INFO - 🚀 Inicializando Sistema Maestro Quantum Ultra Avanzado v4.0
2025-10-09 13:34:41,833 - INFO - Modelo NLP cargado exitosamente
2025-10-09 13:34:41,833 - WARNING - transformers no disponible, usando análisis básico
2025-10-09 13:34:41,833 - INFO - Motor de templates configurado exitosamente
2025-10-09 13:34:41,833 - INFO - ✅ Generador legal ultra avanzado cargado
2025-10-09 13:34:41,845 - INFO - ✅ Generador PDF cuántico cargado
2025-10-09 13:34:41,845 - INFO - 🎯 Sistema maestro configurado exitosamente
2025-10-09 13:34:41,845 - INFO - 📋 Iniciando generación de paquete legal completo...
2025-10-09 13:34:41,845 - INFO - 🔬 Paso 1: Generando documentos legales con IA cuántica...
2025-10-09 13:35:22,586 - INFO - 🚀 Inicializando Sistema Maestro Quantum Ultra Avanzado v4.0
2025-10-09 13:35:24,096 - INFO - Modelo NLP cargado exitosamente
2025-10-09 13:35:24,096 - WARNING - transformers no disponible, usando análisis básico
2025-10-09 13:35:24,096 - INFO - Motor de templates configurado exitosamente
2025-10-09 13:35:24,096 - INFO - ✅ Generador legal ultra avanzado cargado
2025-10-09 13:35:24,111 - INFO - ✅ Generador PDF cuántico cargado
2025-10-09 13:35:24,111 - INFO - 🎯 Sistema maestro configurado exitosamente
